<?xml version="1.0" encoding="utf-8"?><testsuites name="pytest tests"><testsuite name="pytest" errors="0" failures="1" skipped="0" tests="37" time="51.207" timestamp="2026-04-09T01:54:33.193307+00:00" hostname="agent-env-68e8739c-2003-40f0-a7f2-827f9c6829ed"><testcase classname="backend.tests.test_auth_admin.TestAuthLogin" name="test_login_success" time="0.400" /><testcase classname="backend.tests.test_auth_admin.TestAuthLogin" name="test_login_invalid_password" time="0.361" /><testcase classname="backend.tests.test_auth_admin.TestAuthLogin" name="test_login_invalid_email" time="0.109" /><testcase classname="backend.tests.test_auth_admin.TestAuthLogin" name="test_login_invalid_email_format" time="0.120" /><testcase classname="backend.tests.test_auth_admin.TestAuthMe" name="test_me_with_valid_token" time="0.496" /><testcase classname="backend.tests.test_auth_admin.TestAuthMe" name="test_me_without_token" time="0.121" /><testcase classname="backend.tests.test_auth_admin.TestAuthMe" name="test_me_with_invalid_token" time="0.109" /><testcase classname="backend.tests.test_auth_admin.TestBruteForceProtection" name="test_brute_force_lockout" time="0.392"><failure message="AssertionError: Attempt 3: Expected 401, got 500&#10;assert 500 == 401&#10; +  where 500 = &lt;Response [500]&gt;.status_code">backend/tests/test_auth_admin.py:128: in test_brute_force_lockout
    assert response.status_code == 401, f"Attempt {i+1}: Expected 401, got {response.status_code}"
E   AssertionError: Attempt 3: Expected 401, got 500
E   assert 500 == 401
E    +  where 500 = &lt;Response [500]&gt;.status_code</failure></testcase><testcase classname="backend.tests.test_auth_admin.TestAdminStats" name="test_stats_with_auth" time="0.452" /><testcase classname="backend.tests.test_auth_admin.TestAdminStats" name="test_stats_without_auth" time="0.111" /><testcase classname="backend.tests.test_auth_admin.TestAdminContacts" name="test_list_contacts_with_auth" time="0.466" /><testcase classname="backend.tests.test_auth_admin.TestAdminContacts" name="test_list_contacts_without_auth" time="0.116" /><testcase classname="backend.tests.test_auth_admin.TestAdminContacts" name="test_search_contacts" time="0.588" /><testcase classname="backend.tests.test_auth_admin.TestAdminContacts" name="test_filter_contacts_by_status" time="0.471" /><testcase classname="backend.tests.test_auth_admin.TestAdminContacts" name="test_update_contact_status" time="0.556" /><testcase classname="backend.tests.test_auth_admin.TestAdminContacts" name="test_update_contact_status_invalid" time="0.631" /><testcase classname="backend.tests.test_auth_admin.TestAdminContacts" name="test_update_contact_status_without_auth" time="0.549" /><testcase classname="backend.tests.test_auth_admin.TestAdminContacts" name="test_delete_contact" time="0.660" /><testcase classname="backend.tests.test_auth_admin.TestAdminContacts" name="test_delete_contact_without_auth" time="0.102" /><testcase classname="backend.tests.test_auth_admin.TestAdminContacts" name="test_delete_nonexistent_contact" time="0.447" /><testcase classname="backend.tests.test_auth_admin.TestAuthLogout" name="test_logout" time="0.451" /><testcase classname="backend.tests.test_api.TestHealthEndpoints" name="test_root_endpoint" time="0.129" /><testcase classname="backend.tests.test_api.TestHealthEndpoints" name="test_health_endpoint" time="0.130" /><testcase classname="backend.tests.test_api.TestContactAPI" name="test_create_contact_with_all_fields" time="0.111" /><testcase classname="backend.tests.test_api.TestContactAPI" name="test_create_contact_without_optional_fields" time="0.112" /><testcase classname="backend.tests.test_api.TestContactAPI" name="test_create_contact_with_empty_department_culture" time="0.114" /><testcase classname="backend.tests.test_api.TestContactAPI" name="test_get_contacts_list" time="0.108" /><testcase classname="backend.tests.test_api.TestContactAPI" name="test_create_and_get_contact_by_id" time="0.251" /><testcase classname="backend.tests.test_api.TestContactAPI" name="test_update_contact_status" time="0.227" /><testcase classname="backend.tests.test_api.TestContactAPI" name="test_contact_validation_invalid_email" time="0.114" /><testcase classname="backend.tests.test_api.TestContactAPI" name="test_contact_validation_short_message" time="0.131" /><testcase classname="backend.tests.test_api.TestPlanetAPI" name="test_planet_health" time="0.361" /><testcase classname="backend.tests.test_api.TestPlanetAPI" name="test_planet_search_colombia_coordinates" time="0.805" /><testcase classname="backend.tests.test_api.TestPlanetAPI" name="test_planet_search_invalid_coordinates" time="0.161" /><testcase classname="backend.tests.test_api.TestPlanetAPI" name="test_planet_thumbnail_proxy" time="36.979" /><testcase classname="backend.tests.test_api.TestRoboflowAPI" name="test_roboflow_analyze_requires_file" time="0.172" /><testcase classname="backend.tests.test_api.TestRoboflowAPI" name="test_roboflow_analyze_with_test_image" time="3.505" /></testsuite></testsuites>