<?xml version="1.0" encoding="utf-8"?><testsuites name="pytest tests"><testsuite name="pytest" errors="0" failures="0" skipped="0" tests="16" time="7.742" timestamp="2026-04-09T01:29:51.771366+00:00" hostname="agent-env-68e8739c-2003-40f0-a7f2-827f9c6829ed"><testcase classname="tests.test_api.TestHealthEndpoints" name="test_root_endpoint" time="0.229" /><testcase classname="tests.test_api.TestHealthEndpoints" name="test_health_endpoint" time="0.159" /><testcase classname="tests.test_api.TestContactAPI" name="test_create_contact_with_all_fields" time="0.142" /><testcase classname="tests.test_api.TestContactAPI" name="test_create_contact_without_optional_fields" time="0.113" /><testcase classname="tests.test_api.TestContactAPI" name="test_create_contact_with_empty_department_culture" time="0.141" /><testcase classname="tests.test_api.TestContactAPI" name="test_get_contacts_list" time="0.111" /><testcase classname="tests.test_api.TestContactAPI" name="test_create_and_get_contact_by_id" time="0.321" /><testcase classname="tests.test_api.TestContactAPI" name="test_update_contact_status" time="0.297" /><testcase classname="tests.test_api.TestContactAPI" name="test_contact_validation_invalid_email" time="0.123" /><testcase classname="tests.test_api.TestContactAPI" name="test_contact_validation_short_message" time="0.112" /><testcase classname="tests.test_api.TestPlanetAPI" name="test_planet_health" time="0.366" /><testcase classname="tests.test_api.TestPlanetAPI" name="test_planet_search_colombia_coordinates" time="0.610" /><testcase classname="tests.test_api.TestPlanetAPI" name="test_planet_search_invalid_coordinates" time="0.119" /><testcase classname="tests.test_api.TestPlanetAPI" name="test_planet_thumbnail_proxy" time="0.959" /><testcase classname="tests.test_api.TestRoboflowAPI" name="test_roboflow_analyze_requires_file" time="0.121" /><testcase classname="tests.test_api.TestRoboflowAPI" name="test_roboflow_analyze_with_test_image" time="3.752" /></testsuite></testsuites>