<?xml version="1.0" encoding="utf-8"?><testsuites name="pytest tests"><testsuite name="pytest" errors="0" failures="0" skipped="0" tests="12" time="3.786" timestamp="2026-04-09T02:09:14.180934+00:00" hostname="agent-env-68e8739c-2003-40f0-a7f2-827f9c6829ed"><testcase classname="tests.test_iteration4_features.TestCSVExport" name="test_csv_export_returns_valid_csv_with_auth" time="0.560" /><testcase classname="tests.test_iteration4_features.TestCSVExport" name="test_csv_export_returns_401_without_auth" time="0.111" /><testcase classname="tests.test_iteration4_features.TestCSVExport" name="test_csv_export_respects_status_filter" time="0.514" /><testcase classname="tests.test_iteration4_features.TestCSVExport" name="test_csv_export_filename_format" time="0.437" /><testcase classname="tests.test_iteration4_features.TestStatusChangeEmailTrigger" name="test_status_change_to_contacted_triggers_email_attempt" time="0.566" /><testcase classname="tests.test_iteration4_features.TestStatusChangeEmailTrigger" name="test_status_change_to_closed_triggers_email_attempt" time="0.563" /><testcase classname="tests.test_iteration4_features.TestEmailServiceMethods" name="test_email_service_has_send_contact_notification" time="0.005" /><testcase classname="tests.test_iteration4_features.TestEmailServiceMethods" name="test_email_service_has_send_status_update" time="0.000" /><testcase classname="tests.test_iteration4_features.TestEmailServiceMethods" name="test_send_contact_notification_returns_false_without_password" time="0.000" /><testcase classname="tests.test_iteration4_features.TestEmailServiceMethods" name="test_send_status_update_returns_false_without_password" time="0.000" /><testcase classname="tests.test_iteration4_features.TestAdminDashboardCSVButton" name="test_admin_stats_endpoint_works" time="0.437" /><testcase classname="tests.test_iteration4_features.TestAdminDashboardCSVButton" name="test_admin_contacts_endpoint_works" time="0.524" /></testsuite></testsuites>